[2025-06-19T11:30:41.124Z] POST /api/
[2025-06-19T11:34:19.873Z] POST /api/
[2025-06-19T14:10:00.770Z] POST /api/
[2025-06-19T14:10:10.382Z] GET /api/2Y1v0rVLs
[2025-06-22T13:40:56.766Z] POST /api/users/
[2025-06-22T17:36:05.135Z] POST /api/user/register
[2025-06-22T17:39:38.216Z] POST /api/user/register
[2025-06-22T17:39:52.629Z] POST /api/user/register
[2025-06-22T17:42:39.702Z] POST /api/user/register
[2025-06-22T17:42:50.534Z] POST /api/user/register
[2025-06-22T17:43:23.696Z] POST /api/user/register
[2025-06-22T17:44:32.517Z] POST /api/user/register
[2025-06-22T17:46:21.331Z] POST /api/user/register
[2025-06-22T17:56:22.375Z] POST /api/user/register
[2025-06-22T17:56:50.121Z] POST /api/user/register
[2025-06-22T19:36:45.407Z] POST /api/user/login
[2025-06-22T19:37:32.555Z] POST /api/user/login
[2025-06-22T19:37:45.605Z] POST /api/user/login
[2025-06-22T19:38:00.115Z] POST /api/user/login
[2025-06-22T19:42:14.200Z] POST /auth/login
[2025-06-22T19:42:32.684Z] POST /auth/login
[2025-06-22T19:42:34.295Z] POST /auth/login
[2025-06-22T19:42:40.150Z] POST /auth/login
[2025-06-22T19:42:40.982Z] POST /auth/login
[2025-06-22T19:42:42.192Z] POST /auth/login
[2025-06-22T19:42:42.853Z] POST /auth/login
[2025-06-22T19:42:43.547Z] POST /auth/login
[2025-06-22T19:42:44.119Z] POST /auth/login
[2025-06-22T19:42:44.593Z] POST /auth/login
[2025-06-22T19:42:44.977Z] POST /auth/login
[2025-06-22T19:42:45.147Z] POST /auth/login
[2025-06-22T19:42:45.334Z] POST /auth/login
[2025-06-22T19:42:45.501Z] POST /auth/login
[2025-06-22T19:42:45.673Z] POST /auth/login
[2025-06-22T19:42:45.854Z] POST /auth/login
[2025-06-22T19:42:45.999Z] POST /auth/login
[2025-06-22T19:42:46.516Z] POST /auth/login
[2025-06-22T19:42:47.051Z] POST /auth/login
[2025-06-22T19:42:47.734Z] POST /auth/login
[2025-06-22T19:42:48.281Z] POST /auth/login
[2025-06-22T19:42:49.197Z] POST /auth/login
[2025-06-22T19:42:49.772Z] POST /auth/login
[2025-06-22T19:42:49.998Z] POST /auth/login
[2025-06-22T19:42:50.201Z] POST /auth/login
[2025-06-22T19:42:50.380Z] POST /auth/login
[2025-06-22T19:42:50.549Z] POST /auth/login
[2025-06-22T19:42:50.721Z] POST /auth/login
[2025-06-22T19:42:50.901Z] POST /auth/login
[2025-06-22T19:42:51.051Z] POST /auth/login
[2025-06-22T19:50:04.369Z] POST /auth/login
[2025-06-22T19:50:47.825Z] POST /auth/login
[2025-06-22T19:50:48.630Z] POST /auth/login
[2025-06-22T19:51:39.095Z] POST /auth/login
[2025-06-22T19:51:40.692Z] POST /auth/login
[2025-06-22T19:51:41.717Z] POST /auth/login
[2025-06-22T19:51:42.423Z] POST /auth/login
[2025-06-22T19:51:42.603Z] POST /auth/login
[2025-06-22T19:51:42.783Z] POST /auth/login
[2025-06-22T19:51:42.971Z] POST /auth/login
[2025-06-22T19:51:43.149Z] POST /auth/login
[2025-06-22T19:51:43.326Z] POST /auth/login
[2025-06-22T19:51:43.551Z] POST /auth/login
[2025-06-22T19:51:49.952Z] POST /api/user/login
[2025-06-22T19:52:06.314Z] POST /api/user/login
[2025-06-22T19:52:12.241Z] POST /api/user/login
[2025-06-22T19:52:47.009Z] POST /api/user/login
[2025-06-22T19:52:48.916Z] POST /api/user/login
[2025-06-22T19:53:29.653Z] POST /api/user/login
[2025-06-22T20:00:46.650Z] POST /api/user/login
[2025-06-22T20:01:30.419Z] POST /api/user/login
[2025-06-22T20:03:28.764Z] POST /api/user/login
[2025-06-22T20:03:31.178Z] POST /api/user/login
[2025-06-22T20:03:32.098Z] POST /api/user/login
[2025-06-22T20:03:32.820Z] POST /api/user/login
[2025-06-22T20:03:33.009Z] POST /api/user/login
[2025-06-22T20:03:33.166Z] POST /api/user/login
[2025-06-22T20:03:33.352Z] POST /api/user/login
[2025-06-22T20:03:33.509Z] POST /api/user/login
[2025-06-22T20:03:33.659Z] POST /api/user/login
[2025-06-22T20:03:33.851Z] POST /api/user/login
[2025-06-22T20:03:34.064Z] POST /api/user/login
[2025-06-22T20:15:42.096Z] GET /csrf-token
[2025-06-22T20:15:42.112Z] POST /api/user/login
[2025-06-22T20:15:49.602Z] GET /csrf-token
[2025-06-22T20:15:49.615Z] POST /api/user/login
[2025-06-22T20:16:51.225Z] GET /csrf-token
[2025-06-22T20:16:51.237Z] POST /api/user/login
[2025-06-22T20:26:13.686Z] GET /csrf-token
[2025-06-22T20:26:13.710Z] POST /api/user/login
[2025-06-22T20:27:07.800Z] GET /csrf-token
[2025-06-22T20:27:07.822Z] POST /api/user/login
[2025-06-22T21:10:31.657Z] GET /csrf-token
[2025-06-22T21:10:31.686Z] POST /api/user/login
[2025-06-22T21:41:47.131Z] GET /api/csrf-token
[2025-06-22T21:41:47.176Z] POST /api/user/login
[2025-06-22T21:43:13.544Z] GET /api/csrf-token
[2025-06-22T21:43:13.568Z] POST /api/
[2025-06-22T21:43:47.515Z] GET /api/csrf-token
[2025-06-22T21:43:47.555Z] POST /api/
[2025-06-22T21:43:57.596Z] GET /api/csrf-token
[2025-06-22T21:43:57.605Z] POST /api/user/login
[2025-06-22T21:44:06.472Z] GET /api/csrf-token
[2025-06-22T21:44:06.490Z] POST /api/
[2025-06-22T21:45:25.673Z] GET /api/csrf-token
[2025-06-22T21:45:25.697Z] POST /api/
[2025-06-22T21:46:09.886Z] GET /api/csrf-token
[2025-06-22T21:46:09.896Z] POST /api/user/login
[2025-06-22T21:46:32.276Z] GET /api/csrf-token
[2025-06-22T21:46:32.301Z] POST /api/
[2025-06-22T21:48:45.541Z] GET /api/csrf-token
[2025-06-22T21:48:45.562Z] POST /api/url
[2025-06-22T21:48:56.070Z] GET /api/I_sRvOpvq
[2025-06-22T21:49:02.808Z] GET /api/I_sRvOpvq
[2025-06-22T21:49:54.349Z] GET /api/I_sRvOpvq
[2025-06-22T21:50:00.447Z] GET /api/url/I_sRvOpvq
[2025-06-22T21:50:00.540Z] GET /favicon.ico
[2025-06-22T21:50:23.184Z] GET /api/I_sRvOpvq
[2025-06-22T21:52:33.224Z] GET /api/
[2025-06-22T21:52:48.211Z] GET /api/users/
[2025-06-22T21:52:57.847Z] GET /api/user/
[2025-06-22T21:53:11.764Z] GET /api/url/
[2025-06-22T21:53:27.017Z] GET /
[2025-06-22T21:53:38.245Z] GET /
[2025-06-22T21:53:39.495Z] GET /
[2025-06-22T21:53:40.070Z] GET /
[2025-06-22T21:53:40.367Z] GET /
[2025-06-22T21:53:40.525Z] GET /
[2025-06-22T21:53:40.811Z] GET /
[2025-06-22T21:53:41.153Z] GET /
[2025-06-22T21:53:41.364Z] GET /
[2025-06-22T21:53:41.585Z] GET /
[2025-06-22T21:53:46.435Z] GET /.well-known/appspecific/com.chrome.devtools.json
[2025-06-22T21:55:52.417Z] GET /api/url/I_sRvOpvq
[2025-06-22T21:56:14.788Z] GET /api/csrf-token
[2025-06-22T21:56:14.824Z] POST /api/url
[2025-06-22T21:56:18.713Z] GET /api/csrf-token
[2025-06-22T21:56:18.723Z] POST /api/url
[2025-06-22T21:56:47.013Z] GET /api/u/oyShPqDDJ
[2025-06-22T21:56:50.374Z] GET /api/url/oyShPqDDJ
[2025-06-22T22:00:01.520Z] GET /api/csrf-token
[2025-06-22T22:00:01.534Z] POST /api/url
[2025-06-22T22:00:21.854Z] GET /api/csrf-token
[2025-06-22T22:00:21.872Z] POST /api/url
[2025-06-22T22:00:22.997Z] GET /api/csrf-token
[2025-06-22T22:00:23.008Z] POST /api/url
[2025-06-22T22:00:33.241Z] GET /api/csrf-token
[2025-06-22T22:00:33.256Z] POST /api/url
[2025-06-22T22:36:36.311Z] GET /api/csrf-token
[2025-06-22T22:36:36.329Z] POST /api/url
[2025-06-22T22:39:20.016Z] GET /api/csrf-token
[2025-06-22T22:39:20.040Z] POST /api/url
[2025-06-22T22:39:20.847Z] GET /api/csrf-token
[2025-06-22T22:39:20.866Z] POST /api/url
[2025-06-22T22:39:23.585Z] GET /api/csrf-token
[2025-06-22T22:39:23.600Z] POST /api/url
[2025-06-22T22:39:27.180Z] GET /api/csrf-token
[2025-06-22T22:39:27.195Z] POST /api/url
[2025-06-22T22:39:37.649Z] GET /api/csrf-token
[2025-06-22T22:39:37.668Z] POST /api/url
[2025-06-22T22:41:17.316Z] GET /api/csrf-token
[2025-06-22T22:41:17.334Z] POST /api/url
[2025-06-22T22:41:38.961Z] GET /api/csrf-token
[2025-06-22T22:41:38.987Z] POST /api/url
[2025-06-22T22:41:49.674Z] GET /api/csrf-token
[2025-06-22T22:41:49.692Z] POST /api/url
[2025-06-22T22:41:52.031Z] GET /api/csrf-token
[2025-06-22T22:41:52.046Z] POST /api/url
[2025-06-22T22:42:20.723Z] GET /api/csrf-token
[2025-06-22T22:42:20.750Z] POST /api/url
[2025-06-22T22:42:33.503Z] GET /api/csrf-token
[2025-06-22T22:42:33.521Z] POST /api/url
[2025-06-22T22:43:15.688Z] GET /api/csrf-token
[2025-06-22T22:43:15.720Z] POST /api/url
[2025-06-22T22:43:53.376Z] GET /api/csrf-token
[2025-06-22T22:43:53.398Z] POST /api/url
[2025-06-22T22:44:20.759Z] GET /api/csrf-token
[2025-06-22T22:44:20.782Z] POST /api/url
[2025-06-22T22:44:24.223Z] GET /api/csrf-token
[2025-06-22T22:44:24.246Z] POST /api/user/login
[2025-06-22T22:44:27.469Z] GET /api/csrf-token
[2025-06-22T22:44:27.491Z] POST /api/url
